<?xml version="1.0" encoding="UTF-8"?>
<!-- Generated by org.testng.reporters.JUnitReportReporter -->
<testsuite hostname="ONE-PIECE" failures="0" tests="3" name="test1.Grouping" time="0.010" errors="0" timestamp="2022-07-13T17:17:31 IST" skipped="1">
  <testcase classname="test1.Grouping" name="T3" time="0.008"/>
  <system-out/>
  <testcase classname="test1.Grouping" name="T4" time="0.002"/>
  <system-out/>
  <testcase classname="test1.Grouping" name="T6">
    <skipped/>
  </testcase> <!-- T6 -->
  <system-out/>
</testsuite> <!-- test1.Grouping -->
