<?xml version="1.0" encoding="UTF-8"?>
<!-- Generated by org.testng.reporters.JUnitReportReporter -->
<testsuite hostname="ONE-PIECE" failures="0" tests="6" name="test1.Enable" time="0.022" errors="0" timestamp="2022-07-13T12:33:25 IST" skipped="1">
  <testcase classname="test1.Enable" name="T2" time="0.003"/>
  <system-out/>
  <testcase classname="test1.Enable" name="T1" time="0.010"/>
  <system-out/>
  <testcase classname="test1.Enable" name="T3" time="0.003"/>
  <system-out/>
  <testcase classname="test1.Enable" name="f" time="0.002"/>
  <system-out/>
  <testcase classname="test1.Enable" name="f" time="0.004"/>
  <system-out/>
  <testcase classname="test1.Enable" name="T4">
    <skipped/>
  </testcase> <!-- T4 -->
  <system-out/>
</testsuite> <!-- test1.Enable -->
