<?xml version="1.0" encoding="UTF-8"?>
<!-- Generated by org.testng.reporters.JUnitReportReporter -->
<testsuite hostname="ONE-PIECE" failures="0" tests="6" name="test1.Groups" time="0.017" errors="0" timestamp="2022-07-13T17:25:11 IST" skipped="1">
  <testcase classname="test1.Groups" name="beforeMethod" time="0.009"/>
  <system-out/>
  <testcase classname="test1.Groups" name="T1" time="0.002"/>
  <system-out/>
  <testcase classname="test1.Groups" name="T2" time="0.002"/>
  <system-out/>
  <testcase classname="test1.Groups" name="T3" time="0.002"/>
  <system-out/>
  <testcase classname="test1.Groups" name="T4" time="0.002"/>
  <system-out/>
  <testcase classname="test1.Groups" name="T6">
    <skipped/>
  </testcase> <!-- T6 -->
  <system-out/>
</testsuite> <!-- test1.Groups -->
