<?xml version="1.0" encoding="UTF-8"?>
<!-- Generated by org.testng.reporters.JUnitReportReporter -->
<testsuite hostname="ONE-PIECE" failures="0" tests="5" name="test1.NewTest" time="0.043" errors="0" timestamp="2022-07-13T12:20:54 IST" skipped="0">
  <testcase classname="test1.NewTest" name="f" time="0.009"/>
  <system-out/>
  <testcase classname="test1.NewTest" name="f" time="0.026"/>
  <system-out/>
  <testcase classname="test1.NewTest" name="T1" time="0.004"/>
  <system-out/>
  <testcase classname="test1.NewTest" name="T2" time="0.003"/>
  <system-out/>
  <testcase classname="test1.NewTest" name="T3" time="0.001"/>
  <system-out/>
</testsuite> <!-- test1.NewTest -->
