<?xml version="1.0" encoding="UTF-8"?>
<!-- Generated by org.testng.reporters.JUnitReportReporter -->
<testsuite hostname="ONE-PIECE" failures="0" tests="5" name="test1.IncludeExclude" time="0.024" errors="0" timestamp="2022-07-13T13:19:31 IST" skipped="0">
  <testcase classname="test1.IncludeExclude" name="f" time="0.003"/>
  <system-out/>
  <testcase classname="test1.IncludeExclude" name="T1" time="0.008"/>
  <system-out/>
  <testcase classname="test1.IncludeExclude" name="T3" time="0.004"/>
  <system-out/>
  <testcase classname="test1.IncludeExclude" name="f" time="0.004"/>
  <system-out/>
  <testcase classname="test1.IncludeExclude" name="T4" time="0.005"/>
  <system-out/>
</testsuite> <!-- test1.IncludeExclude -->
